2020-12-30 18:26:41,769 [Worker-0: Loading available Gradle versions] INFO  o.e.b.c.i.u.g.PublishedGradleVersions - Gradle version information cache is not available. Remote download required.
2020-12-30 22:14:48,484 [Worker-0: Loading available Gradle versions] INFO  o.e.b.c.i.u.g.PublishedGradleVersions - Gradle version information cache is up-to-date. Trying to read.
2020-12-30 22:20:07,739 [Worker-0: Loading available Gradle versions] INFO  o.e.b.c.i.u.g.PublishedGradleVersions - Gradle version information cache is up-to-date. Trying to read.
2020-12-30 22:30:26,890 [Worker-0: Loading available Gradle versions] INFO  o.e.b.c.i.u.g.PublishedGradleVersions - Gradle version information cache is up-to-date. Trying to read.
2020-12-30 23:13:47,481 [Worker-0: Loading available Gradle versions] INFO  o.e.b.c.i.u.g.PublishedGradleVersions - Gradle version information cache is up-to-date. Trying to read.
2020-12-30 23:16:25,389 [Start Help Server] INFO  org.eclipse.jetty.util.log - Logging initialized @172981ms to org.eclipse.jetty.util.log.Slf4jLog
2020-12-30 23:16:25,660 [Start Help Server] INFO  org.eclipse.jetty.server.Server - jetty-9.4.35.v20201120; built: 2020-11-27T20:36:51.615Z; git: bdc54f03a5e0a7e280fab27f55c3c75ee8da89fb; jvm 15.0.1+9-18
2020-12-30 23:16:25,688 [Start Help Server] INFO  org.eclipse.jetty.server.session - DefaultSessionIdManager workerName=node0
2020-12-30 23:16:25,688 [Start Help Server] INFO  org.eclipse.jetty.server.session - No SessionScavenger set, using defaults
2020-12-30 23:16:25,690 [Start Help Server] INFO  org.eclipse.jetty.server.session - node0 Scavenging every 600000ms
2020-12-30 23:16:25,732 [Start Help Server] INFO  o.e.j.server.handler.ContextHandler - Started o.e.j.s.ServletContextHandler@8796166{/help,null,AVAILABLE}
2020-12-30 23:16:25,763 [Start Help Server] INFO  o.e.jetty.server.AbstractConnector - Started ServerConnector@33d0fcc{HTTP/1.1, (http/1.1)}{127.0.0.1:50558}
2020-12-30 23:16:25,763 [Start Help Server] INFO  org.eclipse.jetty.server.Server - Started @173357ms
2020-12-30 23:16:25,764 [Start Help Server] INFO  org.eclipse.jetty.server.session - node0 Scavenging every 660000ms
2020-12-30 23:17:13,420 [Stop Help Server] INFO  o.e.jetty.server.AbstractConnector - Stopped ServerConnector@33d0fcc{HTTP/1.1, (http/1.1)}{127.0.0.1:0}
2020-12-30 23:17:13,420 [Stop Help Server] INFO  org.eclipse.jetty.server.session - node0 Stopped scavenging
2020-12-30 23:17:13,450 [Stop Help Server] INFO  o.e.j.server.handler.ContextHandler - Stopped o.e.j.s.ServletContextHandler@8796166{/help,null,STOPPED}
2021-01-03 17:33:20,223 [Start Help Server] INFO  org.eclipse.jetty.util.log - Logging initialized @66666ms to org.eclipse.jetty.util.log.Slf4jLog
2021-01-03 17:33:20,420 [Start Help Server] INFO  org.eclipse.jetty.server.Server - jetty-9.4.35.v20201120; built: 2020-11-27T20:36:51.615Z; git: bdc54f03a5e0a7e280fab27f55c3c75ee8da89fb; jvm 15.0.1+9-18
2021-01-03 17:33:20,447 [Start Help Server] INFO  org.eclipse.jetty.server.session - DefaultSessionIdManager workerName=node0
2021-01-03 17:33:20,448 [Start Help Server] INFO  org.eclipse.jetty.server.session - No SessionScavenger set, using defaults
2021-01-03 17:33:20,450 [Start Help Server] INFO  org.eclipse.jetty.server.session - node0 Scavenging every 600000ms
2021-01-03 17:33:20,495 [Start Help Server] INFO  o.e.j.server.handler.ContextHandler - Started o.e.j.s.ServletContextHandler@671a932a{/help,null,AVAILABLE}
2021-01-03 17:33:20,526 [Start Help Server] INFO  o.e.jetty.server.AbstractConnector - Started ServerConnector@66f75964{HTTP/1.1, (http/1.1)}{127.0.0.1:51039}
2021-01-03 17:33:20,526 [Start Help Server] INFO  org.eclipse.jetty.server.Server - Started @66973ms
2021-01-03 17:33:20,527 [Start Help Server] INFO  org.eclipse.jetty.server.session - node0 Scavenging every 600000ms
2021-01-03 17:34:21,415 [Worker-4: Loading available Gradle versions] INFO  o.e.b.c.i.u.g.PublishedGradleVersions - Gradle version information cache is up-to-date. Trying to read.
2021-01-03 22:50:31,151 [Stop Help Server] INFO  o.e.jetty.server.AbstractConnector - Stopped ServerConnector@66f75964{HTTP/1.1, (http/1.1)}{127.0.0.1:0}
2021-01-03 22:50:31,153 [Stop Help Server] INFO  org.eclipse.jetty.server.session - node0 Stopped scavenging
2021-01-03 22:50:31,169 [Stop Help Server] INFO  o.e.j.server.handler.ContextHandler - Stopped o.e.j.s.ServletContextHandler@671a932a{/help,null,STOPPED}
2021-01-03 22:50:44,238 [Worker-1: Loading available Gradle versions] INFO  o.e.b.c.i.u.g.PublishedGradleVersions - Gradle version information cache is up-to-date. Trying to read.
2021-01-04 14:24:23,125 [Worker-0: Loading available Gradle versions] INFO  o.e.b.c.i.u.g.PublishedGradleVersions - Gradle version information cache is out-of-date. Trying to update.
